<?xml version="1.0" encoding="UTF-8"?>
<!-- Generated by org.testng.reporters.JUnitXMLReporter -->
<testsuite hostname="vk-PC" ignored="0" name="Default test" tests="3" failures="0" timestamp="2022-06-08T15:50:23 IST" time="210.541" errors="0">
  <testcase name="launchBrowser" time="105.738" classname="reports.Reports"/>
  <testcase name="login" time="1.382" classname="reports.Reports"/>
  <testcase name="createreport" time="103.318" classname="reports.Reports"/>
</testsuite> <!-- Default test -->
